[+] Containers:
 |- [+] Container: /Game/ThirdPerson/Maps/ThirdPersonMap
 |   |- [+] ActorDescs:
 |   |   |- Guid:15B77672469124BEF040DBA1A9A93CBD BaseClass: NativeClass:/Script/Engine.StaticMeshActor Name:StaticMeshActor_UAID_3887D5C68008A23C02_1360266368 Label:Football_Goal2 SpatiallyLoaded:1 Bounds:IsValid=true, Min=(X=1053.278 Y=3332.787 Z=-0.000), Max=(X=1527.278 Y=3506.245 Z=312.000) RuntimeGrid:None EditorOnly:0 RuntimeOnly:0 HLODRelevant:1
 |   |   |- Guid:1B7844DD4BE1B68B94576FA63F6FB516 BaseClass:/Game/ball/BP_Ball.BP_Ball_C NativeClass:/Script/Engine.StaticMeshActor Name:BP_Ball_C_UAID_3887D5C68008A33C02_1310291556 Label:BP_Ball SpatiallyLoaded:1 Bounds:IsValid=true, Min=(X=1531.892 Y=1581.394 Z=-45.501), Max=(X=1947.892 Y=1664.594 Z=162.499) RuntimeGrid:None EditorOnly:0 RuntimeOnly:0 HLODRelevant:1
 |   |   |- Guid:2B5A297A462373363577679AC7784E4F BaseClass:/Game/ball/BP_Ball.BP_Ball_C NativeClass:/Script/Engine.StaticMeshActor Name:BP_Ball_C_UAID_3887D5C68008A33C02_1762721563 Label:BP_Ball8 SpatiallyLoaded:1 Bounds:IsValid=true, Min=(X=209.710 Y=502.824 Z=-5.716), Max=(X=500.910 Y=561.064 Z=139.884) RuntimeGrid:None EditorOnly:0 RuntimeOnly:0 HLODRelevant:1
 |   |   |- Guid:2FB58999456391D349DC0F86DAC136ED BaseClass: NativeClass:/Script/Engine.SkyLight Name:SkyLight_1 Label:SkyLight SpatiallyLoaded:0 Bounds:IsValid=true, Min=(X=-330.201 Y=2440.705 Z=777.516), Max=(X=-330.201 Y=2440.705 Z=777.516) RuntimeGrid:None EditorOnly:0 RuntimeOnly:0 HLODRelevant:0 FolderPath:Lighting FolderGuid:963EC3EB4002CCE9759E2EBA541A873A
 |   |   |- Guid:316CF2A6494ACA4C0E4180A87D36AB8F BaseClass: NativeClass:/Script/Engine.ExponentialHeightFog Name:ExponentialHeightFog_0 Label:ExponentialHeightFog SpatiallyLoaded:0 Bounds:IsValid=true, Min=(X=-5600.000 Y=-50.000 Z=-6850.000), Max=(X=-5600.000 Y=-50.000 Z=-6850.000) RuntimeGrid:None EditorOnly:0 RuntimeOnly:0 HLODRelevant:0 FolderPath:Lighting FolderGuid:963EC3EB4002CCE9759E2EBA541A873A
 |   |   |- Guid:380CAAEB48D64AD62EDD01BA937CBA3B BaseClass:/Game/ball/BP_Ball.BP_Ball_C NativeClass:/Script/Engine.StaticMeshActor Name:BP_Ball_C_UAID_3887D5C680082E3E02_1077675069 Label:BP_Ball16 SpatiallyLoaded:1 Bounds:IsValid=true, Min=(X=844.288 Y=1159.081 Z=-41.797), Max=(X=1135.488 Y=1217.321 Z=103.803) RuntimeGrid:None EditorOnly:0 RuntimeOnly:0 HLODRelevant:1
 |   |   |- Guid:383A91DF4D20CAEE3A291FA946AAA59F BaseClass:/Game/ball/BP_Ball.BP_Ball_C NativeClass:/Script/Engine.StaticMeshActor Name:BP_Ball_C_UAID_3887D5C68008B13C02_1604433007 Label:BP_Ball10 SpatiallyLoaded:1 Bounds:IsValid=true, Min=(X=1225.888 Y=2187.401 Z=-10.997), Max=(X=1433.888 Y=2229.001 Z=93.003) RuntimeGrid:None EditorOnly:0 RuntimeOnly:0 HLODRelevant:1
 |   |   |- Guid:3A00AA1C422CE54C0BDB60BAF471BFBB BaseClass: NativeClass:/Script/Engine.PlayerStart Name:PlayerStart_0 Label:PlayerStart SpatiallyLoaded:0 Bounds:IsValid=true, Min=(X=860.000 Y=1070.000 Z=110.013), Max=(X=940.000 Y=1150.000 Z=294.013) RuntimeGrid:None EditorOnly:0 RuntimeOnly:0 HLODRelevant:0
 |   |   |- Guid:3A882B734B602F5CB67E81B6AD461CA6 BaseClass:/Game/ball/BP_Ball.BP_Ball_C NativeClass:/Script/Engine.StaticMeshActor Name:BP_Ball_C_UAID_3887D5C68008A33C02_1700675559 Label:BP_Ball4 SpatiallyLoaded:1 Bounds:IsValid=true, Min=(X=343.056 Y=2420.630 Z=-4.736), Max=(X=634.256 Y=2478.870 Z=140.863) RuntimeGrid:None EditorOnly:0 RuntimeOnly:0 HLODRelevant:1
 |   |   |- Guid:40EA7FF947F4E3DD12A1D1A41FDECFD8 BaseClass: NativeClass:/Script/Engine.StaticMeshActor Name:StaticMeshActor_UAID_3887D5C680089F3C02_1566217841 Label:Football_Goal2 SpatiallyLoaded:1 Bounds:IsValid=true, Min=(X=33.755 Y=1403.278 Z=-20.000), Max=(X=207.213 Y=1877.278 Z=292.000) RuntimeGrid:None EditorOnly:0 RuntimeOnly:0 HLODRelevant:1
 |   |   |- Guid:4B72E5F74B50A80403A96C9D702BA7CB BaseClass:/Game/ball/BP_Ball.BP_Ball_C NativeClass:/Script/Engine.StaticMeshActor Name:BP_Ball_C_UAID_3887D5C68008A33C02_1775651564 Label:BP_Ball9 SpatiallyLoaded:1 Bounds:IsValid=true, Min=(X=113.025 Y=1474.756 Z=-72.997), Max=(X=529.025 Y=1557.956 Z=135.003) RuntimeGrid:None EditorOnly:0 RuntimeOnly:0 HLODRelevant:1
 |   |   |- Guid:4D3BE93F4146AAAC8BBE79999D96D57F BaseClass: NativeClass:/Script/Engine.VolumetricCloud Name:VolumetricCloud_0 Label:VolumetricCloud SpatiallyLoaded:0 Bounds:IsValid=true, Min=(X=0.000 Y=0.000 Z=820.000), Max=(X=0.000 Y=0.000 Z=820.000) RuntimeGrid:None EditorOnly:0 RuntimeOnly:0 HLODRelevant:0 FolderPath:Lighting FolderGuid:963EC3EB4002CCE9759E2EBA541A873A
 |   |   |- Guid:51B5DD71401288EE10A9EE8F2B521BD2 BaseClass:/Game/ball/BP_Ball.BP_Ball_C NativeClass:/Script/Engine.StaticMeshActor Name:BP_Ball_C_UAID_3887D5C68008A33C02_1671752557 Label:BP_Ball2 SpatiallyLoaded:1 Bounds:IsValid=true, Min=(X=1528.210 Y=2141.178 Z=-4.754), Max=(X=1819.410 Y=2199.418 Z=140.846) RuntimeGrid:None EditorOnly:0 RuntimeOnly:0 HLODRelevant:1
 |   |   |- Guid:646149244E7964D642DC01B47513F289 BaseClass:/Game/ball/BP_Ball.BP_Ball_C NativeClass:/Script/Engine.StaticMeshActor Name:BP_Ball_C_UAID_3887D5C680082E3E02_1082294071 Label:BP_Ball18 SpatiallyLoaded:1 Bounds:IsValid=true, Min=(X=844.288 Y=1429.081 Z=-41.797), Max=(X=1135.488 Y=1487.321 Z=103.803) RuntimeGrid:None EditorOnly:0 RuntimeOnly:0 HLODRelevant:1
 |   |   |- Guid:6BAF4DDD444C60371492D3919DB42C97 BaseClass: NativeClass:/Script/Engine.WorldDataLayers Name:WorldDataLayers Label:WorldDataLayers SpatiallyLoaded:0 Bounds:IsValid=true, Min=(X=0.000 Y=0.000 Z=0.000), Max=(X=0.000 Y=0.000 Z=0.000) RuntimeGrid:None EditorOnly:0 RuntimeOnly:0 HLODRelevant:0
 |   |   |- Guid:6D44636248A55377D6EA19BD5346B680 BaseClass:/Game/ball/BP_Ball.BP_Ball_C NativeClass:/Script/Engine.StaticMeshActor Name:BP_Ball_C_UAID_3887D5C68008B13C02_1731384008 Label:BP_Ball11 SpatiallyLoaded:1 Bounds:IsValid=true, Min=(X=2269.940 Y=1649.307 Z=-4.754), Max=(X=2561.140 Y=1707.547 Z=140.846) RuntimeGrid:None EditorOnly:0 RuntimeOnly:0 HLODRelevant:1
 |   |   |- Guid:74FCD7E64E16B2E89D35F7A397252EA5 BaseClass:/Game/ball/BP_Ball.BP_Ball_C NativeClass:/Script/Engine.StaticMeshActor Name:BP_Ball_C_UAID_3887D5C680082D3E02_2138894891 Label:BP_Ball14 SpatiallyLoaded:1 Bounds:IsValid=true, Min=(X=855.200 Y=305.040 Z=-42.400), Max=(X=1104.800 Y=354.960 Z=82.400) RuntimeGrid:None EditorOnly:0 RuntimeOnly:0 HLODRelevant:1
 |   |   |- Guid:79C6EA5D43F07792618CC1AA778B72E3 BaseClass: NativeClass:/Script/Engine.TargetPoint Name:TargetPoint_UAID_3887D5C68008513C02_1651864127 Label:TargetPoint2 SpatiallyLoaded:1 Bounds:IsValid=true, Min=(X=2658.654 Y=3271.460 Z=240.166), Max=(X=2658.654 Y=3271.460 Z=240.166) RuntimeGrid:None EditorOnly:0 RuntimeOnly:0 HLODRelevant:0
 |   |   |- Guid:79FE606346614629EC4563B6E7B35A01 BaseClass:/Game/ball/BP_Ball.BP_Ball_C NativeClass:/Script/Engine.StaticMeshActor Name:BP_Ball_C_UAID_3887D5C680082D3E02_2115122888 Label:BP_Ball7 SpatiallyLoaded:1 Bounds:IsValid=true, Min=(X=285.200 Y=305.040 Z=-42.400), Max=(X=534.800 Y=354.960 Z=82.400) RuntimeGrid:None EditorOnly:0 RuntimeOnly:0 HLODRelevant:1
 |   |   |- Guid:7E3CF2C343F4F0CACB0079B58DCD15AA BaseClass:/Game/ball/BP_Ball.BP_Ball_C NativeClass:/Script/Engine.StaticMeshActor Name:BP_Ball_C_UAID_3887D5C68008A33C02_1740814561 Label:BP_Ball6 SpatiallyLoaded:1 Bounds:IsValid=true, Min=(X=844.288 Y=979.081 Z=-41.797), Max=(X=1135.488 Y=1037.321 Z=103.803) RuntimeGrid:None EditorOnly:0 RuntimeOnly:0 HLODRelevant:1
 |   |   |- Guid:9712821249A999339B818AAF34331E53 BaseClass:/Game/ball/BP_Ball.BP_Ball_C NativeClass:/Script/Engine.StaticMeshActor Name:BP_Ball_C_UAID_3887D5C68008A33C02_1683430558 Label:BP_Ball3 SpatiallyLoaded:1 Bounds:IsValid=true, Min=(X=936.636 Y=2031.621 Z=4.828), Max=(X=1227.836 Y=2089.861 Z=150.428) RuntimeGrid:None EditorOnly:0 RuntimeOnly:0 HLODRelevant:1
 |   |   |- Guid:9E878EFA4FC4E2F28B27038BE0A81AD7 BaseClass:/Game/ball/BP_Ball.BP_Ball_C NativeClass:/Script/Engine.StaticMeshActor Name:BP_Ball_C_UAID_3887D5C680082D3E02_2141765892 Label:BP_Ball15 SpatiallyLoaded:1 Bounds:IsValid=true, Min=(X=1225.200 Y=305.040 Z=-42.400), Max=(X=1474.800 Y=354.960 Z=82.400) RuntimeGrid:None EditorOnly:0 RuntimeOnly:0 HLODRelevant:1
 |   |   |- Guid:A20BD1CA420E59D586ACB88FDE0AAD84 BaseClass:/Game/ball/BP_Ball.BP_Ball_C NativeClass:/Script/Engine.StaticMeshActor Name:BP_Ball_C_UAID_3887D5C680082E3E02_1079801070 Label:BP_Ball17 SpatiallyLoaded:1 Bounds:IsValid=true, Min=(X=844.288 Y=1299.081 Z=-41.797), Max=(X=1135.488 Y=1357.321 Z=103.803) RuntimeGrid:None EditorOnly:0 RuntimeOnly:0 HLODRelevant:1
 |   |   |- Guid:B22BDD144212573D04B05799B1200097 BaseClass:/Game/ball/BP_Ball.BP_Ball_C NativeClass:/Script/Engine.StaticMeshActor Name:BP_Ball_C_UAID_3887D5C680082D3E02_2136574890 Label:BP_Ball13 SpatiallyLoaded:1 Bounds:IsValid=true, Min=(X=695.200 Y=305.040 Z=-42.400), Max=(X=944.800 Y=354.960 Z=82.400) RuntimeGrid:None EditorOnly:0 RuntimeOnly:0 HLODRelevant:1
 |   |   |- Guid:B785ED2844B84CFB91E7F39FE661CD99 BaseClass: NativeClass:/Script/Engine.DirectionalLight Name:DirectionalLight_0 Label:DirectionalLight SpatiallyLoaded:0 Bounds:IsValid=true, Min=(X=-4398046511104.000 Y=-4398046511104.000 Z=-4398046511104.000), Max=(X=4398046511104.000 Y=4398046511104.000 Z=4398046511104.000) RuntimeGrid:None EditorOnly:0 RuntimeOnly:0 HLODRelevant:0 FolderPath:Lighting FolderGuid:963EC3EB4002CCE9759E2EBA541A873A
 |   |   |- Guid:BAB9CC5C40680904EA62178564E09B48 BaseClass: NativeClass:/Script/NavigationSystem.RecastNavMesh Name:RecastNavMesh_UAID_3887D5C68008503C02-Default Label:RecastNavMesh-Default SpatiallyLoaded:0 Bounds:IsValid=true, Min=(X=0.000 Y=0.000 Z=0.000), Max=(X=0.000 Y=0.000 Z=0.000) RuntimeGrid:None EditorOnly:0 RuntimeOnly:0 HLODRelevant:0
 |   |   |- Guid:C7164A7244B76E3B3528BB9AA3628F69 BaseClass:/Game/BP_DeathTrigger.BP_DeathTrigger_C NativeClass:/Script/Engine.TriggerBox Name:BP_DeathTrigger_C_UAID_3887D5C680082B3E02_1601481535 Label:BP_DeathTrigger SpatiallyLoaded:1 Bounds:IsValid=true, Min=(X=-162.500 Y=-310.000 Z=-560.000), Max=(X=3162.500 Y=3890.000 Z=-160.000) RuntimeGrid:None EditorOnly:0 RuntimeOnly:0 HLODRelevant:0
 |   |   |- Guid:CCFF262C46EEFFDF319E7F9539CE697E BaseClass: NativeClass:/Script/Engine.SkyAtmosphere Name:SkyAtmosphere_0 Label:SkyAtmosphere SpatiallyLoaded:0 Bounds:IsValid=true, Min=(X=330.426 Y=-390.936 Z=560.260), Max=(X=330.426 Y=-390.936 Z=560.260) RuntimeGrid:None EditorOnly:0 RuntimeOnly:0 HLODRelevant:0 FolderPath:Lighting FolderGuid:963EC3EB4002CCE9759E2EBA541A873A
 |   |   |- Guid:DBCB6D5A4AF15E064C4ADF991DD30249 BaseClass:/Game/ball/BP_Ball.BP_Ball_C NativeClass:/Script/Engine.StaticMeshActor Name:BP_Ball_C_UAID_3887D5C68008A33C02_1718262560 Label:BP_Ball5 SpatiallyLoaded:1 Bounds:IsValid=true, Min=(X=1194.133 Y=778.352 Z=66.445), Max=(X=1485.333 Y=836.592 Z=212.045) RuntimeGrid:None EditorOnly:0 RuntimeOnly:0 HLODRelevant:1
 |   |   |- Guid:DEADA27B45DC63172080E58A287D0E2C BaseClass: NativeClass:/Script/Engine.StaticMeshActor Name:StaticMeshActor_UAID_3887D5C68008A23C02_1295281367 Label:Football_Goal SpatiallyLoaded:1 Bounds:IsValid=true, Min=(X=1362.722 Y=-56.245 Z=-20.000), Max=(X=1836.722 Y=117.213 Z=292.000) RuntimeGrid:None EditorOnly:0 RuntimeOnly:0 HLODRelevant:1
 |   |   |- Guid:EB07E8EC4702A633DA0331B6ECF1F633 BaseClass:/Game/ball/BP_Ball.BP_Ball_C NativeClass:/Script/Engine.StaticMeshActor Name:BP_Ball_C_UAID_3887D5C680082D3E02_2127466889 Label:BP_Ball12 SpatiallyLoaded:1 Bounds:IsValid=true, Min=(X=525.200 Y=305.040 Z=-42.400), Max=(X=774.800 Y=354.960 Z=82.400) RuntimeGrid:None EditorOnly:0 RuntimeOnly:0 HLODRelevant:1
 |   |   |- Guid:ED5AC9DC4DE51A3038E0819E28399FFB BaseClass: NativeClass:/Script/Engine.StaticMeshActor Name:StaticMeshActor_UAID_3887D5C680089E3C02_1905531663 Label:Football_Goal SpatiallyLoaded:1 Bounds:IsValid=true, Min=(X=2734.555 Y=1212.722 Z=-60.000), Max=(X=2928.328 Y=1686.722 Z=325.081) RuntimeGrid:None EditorOnly:0 RuntimeOnly:0 HLODRelevant:1
 |   |   |- Guid:F1924B8D48954B30891B2DB6A694F9CC BaseClass: NativeClass:/Script/Engine.StaticMeshActor Name:StaticMeshActor_1 Label:SM_Cube SpatiallyLoaded:1 Bounds:IsValid=true, Min=(X=0.000 Y=0.000 Z=-50.000), Max=(X=2925.000 Y=3450.000 Z=0.000) RuntimeGrid:None EditorOnly:0 RuntimeOnly:0 HLODRelevant:1 FolderPath:Playground FolderGuid:C73F09FC4215536B1DCE2A9E0A830C70
 |   |   |- Guid:F5E3FEB3450C49844FD93DA8E083C8AD BaseClass: NativeClass:/Script/Engine.PostProcessVolume Name:PostProcessVolume_0 Label:PostProcessVolume SpatiallyLoaded:0 Bounds:IsValid=true, Min=(X=0.000 Y=0.000 Z=475.000), Max=(X=200.000 Y=200.000 Z=525.000) RuntimeGrid:None EditorOnly:0 RuntimeOnly:0 HLODRelevant:0 FolderPath:Lighting FolderGuid:963EC3EB4002CCE9759E2EBA541A873A
 |   |- [+] Clusters:
 |   |   |- [+] [  0]
 |   |   |   |- Guid:6BAF4DDD444C60371492D3919DB42C97 BaseClass: NativeClass:/Script/Engine.WorldDataLayers Name:WorldDataLayers Label:WorldDataLayers SpatiallyLoaded:0 Bounds:IsValid=true, Min=(X=0.000 Y=0.000 Z=0.000), Max=(X=0.000 Y=0.000 Z=0.000) RuntimeGrid:None EditorOnly:0 RuntimeOnly:0 HLODRelevant:0
 |   |   |- [+] [  1]
 |   |   |   |- Guid:51B5DD71401288EE10A9EE8F2B521BD2 BaseClass:/Game/ball/BP_Ball.BP_Ball_C NativeClass:/Script/Engine.StaticMeshActor Name:BP_Ball_C_UAID_3887D5C68008A33C02_1671752557 Label:BP_Ball2 SpatiallyLoaded:1 Bounds:IsValid=true, Min=(X=1528.210 Y=2141.178 Z=-4.754), Max=(X=1819.410 Y=2199.418 Z=140.846) RuntimeGrid:None EditorOnly:0 RuntimeOnly:0 HLODRelevant:1
 |   |   |- [+] [  2]
 |   |   |   |- Guid:DEADA27B45DC63172080E58A287D0E2C BaseClass: NativeClass:/Script/Engine.StaticMeshActor Name:StaticMeshActor_UAID_3887D5C68008A23C02_1295281367 Label:Football_Goal SpatiallyLoaded:1 Bounds:IsValid=true, Min=(X=1362.722 Y=-56.245 Z=-20.000), Max=(X=1836.722 Y=117.213 Z=292.000) RuntimeGrid:None EditorOnly:0 RuntimeOnly:0 HLODRelevant:1
 |   |   |- [+] [  3]
 |   |   |   |- Guid:F5E3FEB3450C49844FD93DA8E083C8AD BaseClass: NativeClass:/Script/Engine.PostProcessVolume Name:PostProcessVolume_0 Label:PostProcessVolume SpatiallyLoaded:0 Bounds:IsValid=true, Min=(X=0.000 Y=0.000 Z=475.000), Max=(X=200.000 Y=200.000 Z=525.000) RuntimeGrid:None EditorOnly:0 RuntimeOnly:0 HLODRelevant:0 FolderPath:Lighting FolderGuid:963EC3EB4002CCE9759E2EBA541A873A
 |   |   |- [+] [  4]
 |   |   |   |- Guid:79FE606346614629EC4563B6E7B35A01 BaseClass:/Game/ball/BP_Ball.BP_Ball_C NativeClass:/Script/Engine.StaticMeshActor Name:BP_Ball_C_UAID_3887D5C680082D3E02_2115122888 Label:BP_Ball7 SpatiallyLoaded:1 Bounds:IsValid=true, Min=(X=285.200 Y=305.040 Z=-42.400), Max=(X=534.800 Y=354.960 Z=82.400) RuntimeGrid:None EditorOnly:0 RuntimeOnly:0 HLODRelevant:1
 |   |   |- [+] [  5]
 |   |   |   |- Guid:383A91DF4D20CAEE3A291FA946AAA59F BaseClass:/Game/ball/BP_Ball.BP_Ball_C NativeClass:/Script/Engine.StaticMeshActor Name:BP_Ball_C_UAID_3887D5C68008B13C02_1604433007 Label:BP_Ball10 SpatiallyLoaded:1 Bounds:IsValid=true, Min=(X=1225.888 Y=2187.401 Z=-10.997), Max=(X=1433.888 Y=2229.001 Z=93.003) RuntimeGrid:None EditorOnly:0 RuntimeOnly:0 HLODRelevant:1
 |   |   |- [+] [  6]
 |   |   |   |- Guid:6D44636248A55377D6EA19BD5346B680 BaseClass:/Game/ball/BP_Ball.BP_Ball_C NativeClass:/Script/Engine.StaticMeshActor Name:BP_Ball_C_UAID_3887D5C68008B13C02_1731384008 Label:BP_Ball11 SpatiallyLoaded:1 Bounds:IsValid=true, Min=(X=2269.940 Y=1649.307 Z=-4.754), Max=(X=2561.140 Y=1707.547 Z=140.846) RuntimeGrid:None EditorOnly:0 RuntimeOnly:0 HLODRelevant:1
 |   |   |- [+] [  7]
 |   |   |   |- Guid:380CAAEB48D64AD62EDD01BA937CBA3B BaseClass:/Game/ball/BP_Ball.BP_Ball_C NativeClass:/Script/Engine.StaticMeshActor Name:BP_Ball_C_UAID_3887D5C680082E3E02_1077675069 Label:BP_Ball16 SpatiallyLoaded:1 Bounds:IsValid=true, Min=(X=844.288 Y=1159.081 Z=-41.797), Max=(X=1135.488 Y=1217.321 Z=103.803) RuntimeGrid:None EditorOnly:0 RuntimeOnly:0 HLODRelevant:1
 |   |   |- [+] [  8]
 |   |   |   |- Guid:4D3BE93F4146AAAC8BBE79999D96D57F BaseClass: NativeClass:/Script/Engine.VolumetricCloud Name:VolumetricCloud_0 Label:VolumetricCloud SpatiallyLoaded:0 Bounds:IsValid=true, Min=(X=0.000 Y=0.000 Z=820.000), Max=(X=0.000 Y=0.000 Z=820.000) RuntimeGrid:None EditorOnly:0 RuntimeOnly:0 HLODRelevant:0 FolderPath:Lighting FolderGuid:963EC3EB4002CCE9759E2EBA541A873A
 |   |   |- [+] [  9]
 |   |   |   |- Guid:1B7844DD4BE1B68B94576FA63F6FB516 BaseClass:/Game/ball/BP_Ball.BP_Ball_C NativeClass:/Script/Engine.StaticMeshActor Name:BP_Ball_C_UAID_3887D5C68008A33C02_1310291556 Label:BP_Ball SpatiallyLoaded:1 Bounds:IsValid=true, Min=(X=1531.892 Y=1581.394 Z=-45.501), Max=(X=1947.892 Y=1664.594 Z=162.499) RuntimeGrid:None EditorOnly:0 RuntimeOnly:0 HLODRelevant:1
 |   |   |- [+] [ 10]
 |   |   |   |- Guid:2B5A297A462373363577679AC7784E4F BaseClass:/Game/ball/BP_Ball.BP_Ball_C NativeClass:/Script/Engine.StaticMeshActor Name:BP_Ball_C_UAID_3887D5C68008A33C02_1762721563 Label:BP_Ball8 SpatiallyLoaded:1 Bounds:IsValid=true, Min=(X=209.710 Y=502.824 Z=-5.716), Max=(X=500.910 Y=561.064 Z=139.884) RuntimeGrid:None EditorOnly:0 RuntimeOnly:0 HLODRelevant:1
 |   |   |- [+] [ 11]
 |   |   |   |- Guid:ED5AC9DC4DE51A3038E0819E28399FFB BaseClass: NativeClass:/Script/Engine.StaticMeshActor Name:StaticMeshActor_UAID_3887D5C680089E3C02_1905531663 Label:Football_Goal SpatiallyLoaded:1 Bounds:IsValid=true, Min=(X=2734.555 Y=1212.722 Z=-60.000), Max=(X=2928.328 Y=1686.722 Z=325.081) RuntimeGrid:None EditorOnly:0 RuntimeOnly:0 HLODRelevant:1
 |   |   |- [+] [ 12]
 |   |   |   |- Guid:9E878EFA4FC4E2F28B27038BE0A81AD7 BaseClass:/Game/ball/BP_Ball.BP_Ball_C NativeClass:/Script/Engine.StaticMeshActor Name:BP_Ball_C_UAID_3887D5C680082D3E02_2141765892 Label:BP_Ball15 SpatiallyLoaded:1 Bounds:IsValid=true, Min=(X=1225.200 Y=305.040 Z=-42.400), Max=(X=1474.800 Y=354.960 Z=82.400) RuntimeGrid:None EditorOnly:0 RuntimeOnly:0 HLODRelevant:1
 |   |   |- [+] [ 13]
 |   |   |   |- Guid:CCFF262C46EEFFDF319E7F9539CE697E BaseClass: NativeClass:/Script/Engine.SkyAtmosphere Name:SkyAtmosphere_0 Label:SkyAtmosphere SpatiallyLoaded:0 Bounds:IsValid=true, Min=(X=330.426 Y=-390.936 Z=560.260), Max=(X=330.426 Y=-390.936 Z=560.260) RuntimeGrid:None EditorOnly:0 RuntimeOnly:0 HLODRelevant:0 FolderPath:Lighting FolderGuid:963EC3EB4002CCE9759E2EBA541A873A
 |   |   |- [+] [ 14]
 |   |   |   |- Guid:79C6EA5D43F07792618CC1AA778B72E3 BaseClass: NativeClass:/Script/Engine.TargetPoint Name:TargetPoint_UAID_3887D5C68008513C02_1651864127 Label:TargetPoint2 SpatiallyLoaded:1 Bounds:IsValid=true, Min=(X=2658.654 Y=3271.460 Z=240.166), Max=(X=2658.654 Y=3271.460 Z=240.166) RuntimeGrid:None EditorOnly:0 RuntimeOnly:0 HLODRelevant:0
 |   |   |- [+] [ 15]
 |   |   |   |- Guid:B785ED2844B84CFB91E7F39FE661CD99 BaseClass: NativeClass:/Script/Engine.DirectionalLight Name:DirectionalLight_0 Label:DirectionalLight SpatiallyLoaded:0 Bounds:IsValid=true, Min=(X=-4398046511104.000 Y=-4398046511104.000 Z=-4398046511104.000), Max=(X=4398046511104.000 Y=4398046511104.000 Z=4398046511104.000) RuntimeGrid:None EditorOnly:0 RuntimeOnly:0 HLODRelevant:0 FolderPath:Lighting FolderGuid:963EC3EB4002CCE9759E2EBA541A873A
 |   |   |- [+] [ 16]
 |   |   |   |- Guid:316CF2A6494ACA4C0E4180A87D36AB8F BaseClass: NativeClass:/Script/Engine.ExponentialHeightFog Name:ExponentialHeightFog_0 Label:ExponentialHeightFog SpatiallyLoaded:0 Bounds:IsValid=true, Min=(X=-5600.000 Y=-50.000 Z=-6850.000), Max=(X=-5600.000 Y=-50.000 Z=-6850.000) RuntimeGrid:None EditorOnly:0 RuntimeOnly:0 HLODRelevant:0 FolderPath:Lighting FolderGuid:963EC3EB4002CCE9759E2EBA541A873A
 |   |   |- [+] [ 17]
 |   |   |   |- Guid:F1924B8D48954B30891B2DB6A694F9CC BaseClass: NativeClass:/Script/Engine.StaticMeshActor Name:StaticMeshActor_1 Label:SM_Cube SpatiallyLoaded:1 Bounds:IsValid=true, Min=(X=0.000 Y=0.000 Z=-50.000), Max=(X=2925.000 Y=3450.000 Z=0.000) RuntimeGrid:None EditorOnly:0 RuntimeOnly:0 HLODRelevant:1 FolderPath:Playground FolderGuid:C73F09FC4215536B1DCE2A9E0A830C70
 |   |   |- [+] [ 18]
 |   |   |   |- Guid:3A882B734B602F5CB67E81B6AD461CA6 BaseClass:/Game/ball/BP_Ball.BP_Ball_C NativeClass:/Script/Engine.StaticMeshActor Name:BP_Ball_C_UAID_3887D5C68008A33C02_1700675559 Label:BP_Ball4 SpatiallyLoaded:1 Bounds:IsValid=true, Min=(X=343.056 Y=2420.630 Z=-4.736), Max=(X=634.256 Y=2478.870 Z=140.863) RuntimeGrid:None EditorOnly:0 RuntimeOnly:0 HLODRelevant:1
 |   |   |- [+] [ 19]
 |   |   |   |- Guid:4B72E5F74B50A80403A96C9D702BA7CB BaseClass:/Game/ball/BP_Ball.BP_Ball_C NativeClass:/Script/Engine.StaticMeshActor Name:BP_Ball_C_UAID_3887D5C68008A33C02_1775651564 Label:BP_Ball9 SpatiallyLoaded:1 Bounds:IsValid=true, Min=(X=113.025 Y=1474.756 Z=-72.997), Max=(X=529.025 Y=1557.956 Z=135.003) RuntimeGrid:None EditorOnly:0 RuntimeOnly:0 HLODRelevant:1
 |   |   |- [+] [ 20]
 |   |   |   |- Guid:EB07E8EC4702A633DA0331B6ECF1F633 BaseClass:/Game/ball/BP_Ball.BP_Ball_C NativeClass:/Script/Engine.StaticMeshActor Name:BP_Ball_C_UAID_3887D5C680082D3E02_2127466889 Label:BP_Ball12 SpatiallyLoaded:1 Bounds:IsValid=true, Min=(X=525.200 Y=305.040 Z=-42.400), Max=(X=774.800 Y=354.960 Z=82.400) RuntimeGrid:None EditorOnly:0 RuntimeOnly:0 HLODRelevant:1
 |   |   |- [+] [ 21]
 |   |   |   |- Guid:2FB58999456391D349DC0F86DAC136ED BaseClass: NativeClass:/Script/Engine.SkyLight Name:SkyLight_1 Label:SkyLight SpatiallyLoaded:0 Bounds:IsValid=true, Min=(X=-330.201 Y=2440.705 Z=777.516), Max=(X=-330.201 Y=2440.705 Z=777.516) RuntimeGrid:None EditorOnly:0 RuntimeOnly:0 HLODRelevant:0 FolderPath:Lighting FolderGuid:963EC3EB4002CCE9759E2EBA541A873A
 |   |   |- [+] [ 22]
 |   |   |   |- Guid:DBCB6D5A4AF15E064C4ADF991DD30249 BaseClass:/Game/ball/BP_Ball.BP_Ball_C NativeClass:/Script/Engine.StaticMeshActor Name:BP_Ball_C_UAID_3887D5C68008A33C02_1718262560 Label:BP_Ball5 SpatiallyLoaded:1 Bounds:IsValid=true, Min=(X=1194.133 Y=778.352 Z=66.445), Max=(X=1485.333 Y=836.592 Z=212.045) RuntimeGrid:None EditorOnly:0 RuntimeOnly:0 HLODRelevant:1
 |   |   |- [+] [ 23]
 |   |   |   |- Guid:B22BDD144212573D04B05799B1200097 BaseClass:/Game/ball/BP_Ball.BP_Ball_C NativeClass:/Script/Engine.StaticMeshActor Name:BP_Ball_C_UAID_3887D5C680082D3E02_2136574890 Label:BP_Ball13 SpatiallyLoaded:1 Bounds:IsValid=true, Min=(X=695.200 Y=305.040 Z=-42.400), Max=(X=944.800 Y=354.960 Z=82.400) RuntimeGrid:None EditorOnly:0 RuntimeOnly:0 HLODRelevant:1
 |   |   |- [+] [ 24]
 |   |   |   |- Guid:9712821249A999339B818AAF34331E53 BaseClass:/Game/ball/BP_Ball.BP_Ball_C NativeClass:/Script/Engine.StaticMeshActor Name:BP_Ball_C_UAID_3887D5C68008A33C02_1683430558 Label:BP_Ball3 SpatiallyLoaded:1 Bounds:IsValid=true, Min=(X=936.636 Y=2031.621 Z=4.828), Max=(X=1227.836 Y=2089.861 Z=150.428) RuntimeGrid:None EditorOnly:0 RuntimeOnly:0 HLODRelevant:1
 |   |   |- [+] [ 25]
 |   |   |   |- Guid:BAB9CC5C40680904EA62178564E09B48 BaseClass: NativeClass:/Script/NavigationSystem.RecastNavMesh Name:RecastNavMesh_UAID_3887D5C68008503C02-Default Label:RecastNavMesh-Default SpatiallyLoaded:0 Bounds:IsValid=true, Min=(X=0.000 Y=0.000 Z=0.000), Max=(X=0.000 Y=0.000 Z=0.000) RuntimeGrid:None EditorOnly:0 RuntimeOnly:0 HLODRelevant:0
 |   |   |- [+] [ 26]
 |   |   |   |- Guid:74FCD7E64E16B2E89D35F7A397252EA5 BaseClass:/Game/ball/BP_Ball.BP_Ball_C NativeClass:/Script/Engine.StaticMeshActor Name:BP_Ball_C_UAID_3887D5C680082D3E02_2138894891 Label:BP_Ball14 SpatiallyLoaded:1 Bounds:IsValid=true, Min=(X=855.200 Y=305.040 Z=-42.400), Max=(X=1104.800 Y=354.960 Z=82.400) RuntimeGrid:None EditorOnly:0 RuntimeOnly:0 HLODRelevant:1
 |   |   |- [+] [ 27]
 |   |   |   |- Guid:40EA7FF947F4E3DD12A1D1A41FDECFD8 BaseClass: NativeClass:/Script/Engine.StaticMeshActor Name:StaticMeshActor_UAID_3887D5C680089F3C02_1566217841 Label:Football_Goal2 SpatiallyLoaded:1 Bounds:IsValid=true, Min=(X=33.755 Y=1403.278 Z=-20.000), Max=(X=207.213 Y=1877.278 Z=292.000) RuntimeGrid:None EditorOnly:0 RuntimeOnly:0 HLODRelevant:1
 |   |   |- [+] [ 28]
 |   |   |   |- Guid:7E3CF2C343F4F0CACB0079B58DCD15AA BaseClass:/Game/ball/BP_Ball.BP_Ball_C NativeClass:/Script/Engine.StaticMeshActor Name:BP_Ball_C_UAID_3887D5C68008A33C02_1740814561 Label:BP_Ball6 SpatiallyLoaded:1 Bounds:IsValid=true, Min=(X=844.288 Y=979.081 Z=-41.797), Max=(X=1135.488 Y=1037.321 Z=103.803) RuntimeGrid:None EditorOnly:0 RuntimeOnly:0 HLODRelevant:1
 |   |   |- [+] [ 29]
 |   |   |   |- Guid:15B77672469124BEF040DBA1A9A93CBD BaseClass: NativeClass:/Script/Engine.StaticMeshActor Name:StaticMeshActor_UAID_3887D5C68008A23C02_1360266368 Label:Football_Goal2 SpatiallyLoaded:1 Bounds:IsValid=true, Min=(X=1053.278 Y=3332.787 Z=-0.000), Max=(X=1527.278 Y=3506.245 Z=312.000) RuntimeGrid:None EditorOnly:0 RuntimeOnly:0 HLODRelevant:1
 |   |   |- [+] [ 30]
 |   |   |   |- Guid:646149244E7964D642DC01B47513F289 BaseClass:/Game/ball/BP_Ball.BP_Ball_C NativeClass:/Script/Engine.StaticMeshActor Name:BP_Ball_C_UAID_3887D5C680082E3E02_1082294071 Label:BP_Ball18 SpatiallyLoaded:1 Bounds:IsValid=true, Min=(X=844.288 Y=1429.081 Z=-41.797), Max=(X=1135.488 Y=1487.321 Z=103.803) RuntimeGrid:None EditorOnly:0 RuntimeOnly:0 HLODRelevant:1
 |   |   |- [+] [ 31]
 |   |   |   |- Guid:A20BD1CA420E59D586ACB88FDE0AAD84 BaseClass:/Game/ball/BP_Ball.BP_Ball_C NativeClass:/Script/Engine.StaticMeshActor Name:BP_Ball_C_UAID_3887D5C680082E3E02_1079801070 Label:BP_Ball17 SpatiallyLoaded:1 Bounds:IsValid=true, Min=(X=844.288 Y=1299.081 Z=-41.797), Max=(X=1135.488 Y=1357.321 Z=103.803) RuntimeGrid:None EditorOnly:0 RuntimeOnly:0 HLODRelevant:1
 |   |   |- [+] [ 32]
 |   |   |   |- Guid:C7164A7244B76E3B3528BB9AA3628F69 BaseClass:/Game/BP_DeathTrigger.BP_DeathTrigger_C NativeClass:/Script/Engine.TriggerBox Name:BP_DeathTrigger_C_UAID_3887D5C680082B3E02_1601481535 Label:BP_DeathTrigger SpatiallyLoaded:1 Bounds:IsValid=true, Min=(X=-162.500 Y=-310.000 Z=-560.000), Max=(X=3162.500 Y=3890.000 Z=-160.000) RuntimeGrid:None EditorOnly:0 RuntimeOnly:0 HLODRelevant:0
 |   |   |- [+] [ 33]
 |   |   |   |- Guid:3A00AA1C422CE54C0BDB60BAF471BFBB BaseClass: NativeClass:/Script/Engine.PlayerStart Name:PlayerStart_0 Label:PlayerStart SpatiallyLoaded:0 Bounds:IsValid=true, Min=(X=860.000 Y=1070.000 Z=110.013), Max=(X=940.000 Y=1150.000 Z=294.013) RuntimeGrid:None EditorOnly:0 RuntimeOnly:0 HLODRelevant:0
 |- ContainerInstances:
 |- [+] MainContainer:
 |   |-        ID: 0x0000000000000000
 |   |-    Bounds: IsValid=false, Min=(X=0.000 Y=0.000 Z=0.000), Max=(X=0.000 Y=0.000 Z=0.000)
 |   |- Transform: 0.000000,0.000000,0.000000|0.000000,0.000000,-0.000000|1.000000,1.000000,1.000000
 |   |- Container: /Game/ThirdPerson/Maps/ThirdPersonMap
----------------------------------------------------------------------------------------------------------------
ThirdPersonMap - Persistent Level
----------------------------------------------------------------------------------------------------------------
Always loaded Actor Count: 42 

----------------------------------------------------------------------------------------------------------------
ThirdPersonMap - Runtime Spatial Hash - Streaming Grid - MainGrid
----------------------------------------------------------------------------------------------------------------
            Origin: X=0.000 Y=0.000 Z=0.000
         Cell Size: 12800
      World Bounds: IsValid=false, Min=(X=0.000 Y=0.000 Z=0.000), Max=(X=0.000 Y=0.000 Z=0.000)
     Loading Range: 25600.00
Block Slow Loading: No
 ClientOnlyVisible: No

[+] Grid Levels: 1
 |- Level  0: Cell Count    0 | Cell Size   12800 | Actor Count    0 (0.0%)

[+] Content of Grid Level 0

